\BOOKMARK [1][-]{section.1}{\376\377\000I\000n\000t\000r\000o\000d\000u\000\347\000\343\000o\000\040\000e\000\040\000O\000b\000j\000e\000t\000i\000v\000o\000s}{}% 1
\BOOKMARK [2][-]{subsection.1.1}{\376\377\000E\000s\000c\000o\000p\000o\000\040\000F\000u\000n\000c\000i\000o\000n\000a\000l}{section.1}% 2
\BOOKMARK [1][-]{section.2}{\376\377\000I\000m\000p\000l\000a\000n\000t\000a\000\347\000\343\000o\000:\000\040\000D\000a\000d\000o\000s\000\040\000O\000f\000i\000c\000i\000a\000i\000s\000\040\000d\000a\000\040\000E\000x\000e\000c\000u\000\347\000\343\000o}{}% 3
\BOOKMARK [2][-]{subsection.2.1}{\376\377\000E\000s\000t\000a\000t\000\355\000s\000t\000i\000c\000a\000s\000\040\000d\000a\000\040\000C\000a\000r\000g\000a\000\040\000d\000e\000\040\000D\000a\000d\000o\000s}{section.2}% 4
\BOOKMARK [2][-]{subsection.2.2}{\376\377\000O\000b\000j\000e\000t\000o\000s\000\040\000d\000e\000\040\000B\000a\000n\000c\000o\000\040\000C\000r\000i\000a\000d\000o\000s}{section.2}% 5
\BOOKMARK [1][-]{section.3}{\376\377\000M\000o\000d\000e\000l\000a\000g\000e\000m\000\040\000d\000e\000\040\000D\000a\000d\000o\000s\000\040\000\050\000D\000D\000L\000\051}{}% 6
\BOOKMARK [2][-]{subsection.3.1}{\376\377\000E\000n\000t\000i\000d\000a\000d\000e\000s\000\040\000P\000r\000i\000n\000c\000i\000p\000a\000i\000s\000:\000\040\000L\000i\000v\000r\000o\000s\000\040\000e\000\040\000E\000x\000e\000m\000p\000l\000a\000r\000e\000s}{section.3}% 7
\BOOKMARK [2][-]{subsection.3.2}{\376\377\000A\000r\000q\000u\000i\000t\000e\000t\000u\000r\000a\000\040\000d\000e\000\040\000\315\000n\000d\000i\000c\000e\000s}{section.3}% 8
\BOOKMARK [1][-]{section.4}{\376\377\000A\000n\000\341\000l\000i\000s\000e\000\040\000d\000e\000\040\000P\000e\000r\000f\000o\000r\000m\000a\000n\000c\000e\000\040\000e\000\040\000O\000c\000u\000p\000a\000\347\000\343\000o}{}% 9
\BOOKMARK [2][-]{subsection.4.1}{\376\377\000O\000c\000u\000p\000a\000\347\000\343\000o\000\040\000d\000e\000\040\000A\000r\000m\000a\000z\000e\000n\000a\000m\000e\000n\000t\000o}{section.4}% 10
\BOOKMARK [2][-]{subsection.4.2}{\376\377\000E\000x\000e\000m\000p\000l\000o\000\040\000d\000e\000\040\000O\000t\000i\000m\000i\000z\000a\000\347\000\343\000o\000\040\000c\000o\000m\000\040\000E\000X\000P\000L\000A\000I\000N}{section.4}% 11
\BOOKMARK [1][-]{section.5}{\376\377\000L\000\363\000g\000i\000c\000a\000\040\000d\000e\000\040\000N\000e\000g\000\363\000c\000i\000o\000\040\000e\000m\000\040\000P\000r\000o\000c\000e\000d\000u\000r\000e\000s}{}% 12
\BOOKMARK [2][-]{subsection.5.1}{\376\377\000P\000r\000o\000c\000e\000s\000s\000o\000\040\000d\000e\000\040\000E\000m\000p\000r\000\351\000s\000t\000i\000m\000o\000\040\000\050\000s\000p\000\137\000R\000e\000a\000l\000i\000z\000a\000r\000E\000m\000p\000r\000e\000s\000t\000i\000m\000o\000\051}{section.5}% 13
\BOOKMARK [1][-]{section.6}{\376\377\000T\000r\000i\000g\000g\000e\000r\000s\000:\000\040\000A\000u\000t\000o\000m\000a\000t\000i\000z\000a\000n\000d\000o\000\040\000a\000\040\000C\000o\000n\000s\000i\000s\000t\000\352\000n\000c\000i\000a}{}% 14
\BOOKMARK [2][-]{subsection.6.1}{\376\377\000T\000r\000i\000g\000g\000e\000r\000\040\000d\000e\000\040\000S\000i\000n\000c\000r\000o\000n\000i\000z\000a\000\347\000\343\000o\000\040\000\050\000A\000F\000T\000E\000R\000\040\000I\000N\000S\000E\000R\000T\000\051}{section.6}% 15
\BOOKMARK [2][-]{subsection.6.2}{\376\377\000T\000r\000i\000g\000g\000e\000r\000\040\000d\000e\000\040\000A\000u\000d\000i\000t\000o\000r\000i\000a\000\040\000\050\000A\000F\000T\000E\000R\000\040\000U\000P\000D\000A\000T\000E\000\051}{section.6}% 16
\BOOKMARK [1][-]{section.7}{\376\377\000C\000a\000m\000a\000d\000a\000\040\000d\000e\000\040\000A\000b\000s\000t\000r\000a\000\347\000\343\000o\000:\000\040\000V\000i\000e\000w\000s}{}% 17
\BOOKMARK [2][-]{subsection.7.1}{\376\377\000V\000i\000e\000w\000s\000\040\000O\000p\000e\000r\000a\000c\000i\000o\000n\000a\000i\000s}{section.7}% 18
\BOOKMARK [1][-]{section.8}{\376\377\000C\000o\000n\000s\000u\000l\000t\000a\000s\000\040\000A\000v\000a\000n\000\347\000a\000d\000a\000s\000\040\000\050\000O\000u\000t\000p\000u\000t\000s\000\040\000R\000e\000a\000i\000s\000\051}{}% 19
\BOOKMARK [2][-]{subsection.8.1}{\376\377\000R\000a\000n\000k\000i\000n\000g\000\040\000d\000e\000\040\000L\000i\000v\000r\000o\000s\000\040\000M\000a\000i\000s\000\040\000E\000m\000p\000r\000e\000s\000t\000a\000d\000o\000s}{section.8}% 20
\BOOKMARK [2][-]{subsection.8.2}{\376\377\000A\000u\000t\000o\000r\000e\000s\000\040\000c\000o\000m\000\040\000M\000\372\000l\000t\000i\000p\000l\000a\000s\000\040\000O\000b\000r\000a\000s}{section.8}% 21
\BOOKMARK [2][-]{subsection.8.3}{\376\377\000U\000s\000u\000\341\000r\000i\000o\000s\000\040\000S\000e\000m\000\040\000E\000m\000p\000r\000\351\000s\000t\000i\000m\000o\000s\000\040\000\050\000A\000n\000t\000i\000-\000J\000o\000i\000n\000\051}{section.8}% 22
\BOOKMARK [1][-]{section.9}{\376\377\000T\000e\000s\000t\000e\000s\000\040\000e\000\040\000V\000a\000l\000i\000d\000a\000\347\000\343\000o}{}% 23
\BOOKMARK [2][-]{subsection.9.1}{\376\377\000T\000e\000s\000t\000e\000\040\0001\000:\000\040\000B\000l\000o\000q\000u\000e\000i\000o\000\040\000p\000o\000r\000\040\000M\000u\000l\000t\000a\000s\000\040\000P\000e\000n\000d\000e\000n\000t\000e\000s}{section.9}% 24
\BOOKMARK [2][-]{subsection.9.2}{\376\377\000T\000e\000s\000t\000e\000\040\0002\000:\000\040\000E\000x\000e\000m\000p\000l\000a\000r\000\040\000N\000\343\000o\000\040\000D\000i\000s\000p\000o\000n\000\355\000v\000e\000l}{section.9}% 25
\BOOKMARK [2][-]{subsection.9.3}{\376\377\000T\000e\000s\000t\000e\000\040\0003\000:\000\040\000D\000e\000v\000o\000l\000u\000\347\000\343\000o\000\040\000S\000e\000m\000\040\000A\000t\000r\000a\000s\000o}{section.9}% 26
\BOOKMARK [2][-]{subsection.9.4}{\376\377\000T\000e\000s\000t\000e\000\040\0004\000:\000\040\000D\000e\000v\000o\000l\000u\000\347\000\343\000o\000\040\000C\000o\000m\000\040\000A\000t\000r\000a\000s\000o\000\040\000\050\000M\000u\000l\000t\000a\000\040\000A\000u\000t\000o\000m\000\341\000t\000i\000c\000a\000\051}{section.9}% 27
\BOOKMARK [2][-]{subsection.9.5}{\376\377\000P\000r\000o\000f\000i\000l\000i\000n\000g\000\040\000d\000e\000\040\000P\000e\000r\000f\000o\000r\000m\000a\000n\000c\000e}{section.9}% 28
\BOOKMARK [1][-]{section.10}{\376\377\000C\000o\000n\000s\000i\000d\000e\000r\000a\000\347\000\365\000e\000s\000\040\000F\000i\000n\000a\000i\000s}{}% 29
\BOOKMARK [2][-]{subsection.10.1}{\376\377\000D\000e\000s\000t\000a\000q\000u\000e\000s\000\040\000T\000\351\000c\000n\000i\000c\000o\000s}{section.10}% 30
\BOOKMARK [2][-]{subsection.10.2}{\376\377\000M\000\351\000t\000r\000i\000c\000a\000s\000\040\000d\000a\000\040\000I\000m\000p\000l\000a\000n\000t\000a\000\347\000\343\000o}{section.10}% 31
